<?xml version="1.0" encoding="UTF-8"?>
<!-- Generated by org.testng.reporters.JUnitReportReporter -->
<testsuite skipped="0" hostname="LAPTOP-OFQ0AK5L" name="com.w2a.TestDataProjectUtilities.TestParameterization" tests="5" failures="0" timestamp="23 Feb 2022 00:27:13 GMT" time="0.018" errors="0">
  <testcase name="testData" time="0.001" classname="com.w2a.TestDataProjectUtilities.TestParameterization"/>
  <testcase name="testData" time="0.001" classname="com.w2a.TestDataProjectUtilities.TestParameterization"/>
  <testcase name="testData" time="0.014" classname="com.w2a.TestDataProjectUtilities.TestParameterization"/>
  <testcase name="testData" time="0.001" classname="com.w2a.TestDataProjectUtilities.TestParameterization"/>
  <testcase name="testData" time="0.001" classname="com.w2a.TestDataProjectUtilities.TestParameterization"/>
</testsuite> <!-- com.w2a.TestDataProjectUtilities.TestParameterization -->
